<?xml version="1.0" encoding="UTF-8"?>
<!-- Generated by org.testng.reporters.JUnitReportReporter -->
<testsuite hostname="LAPTOP-C2DAPTU3" failures="0" tests="1" name="verification_usingtestNGorassert.AssertNotNull_study" time="0.012" errors="0" timestamp="2022-03-23T17:37:42 IST" skipped="0">
  <testcase classname="verification_usingtestNGorassert.AssertNotNull_study" name="test" time="0.012"/>
  <system-out/>
</testsuite> <!-- verification_usingtestNGorassert.AssertNotNull_study -->
