<?xml version="1.0" encoding="UTF-8"?>
<!-- Generated by org.testng.reporters.JUnitReportReporter -->
<testsuite hostname="LAPTOP-C2DAPTU3" failures="0" tests="1" name="testNG_suit_study.myclass_suit" time="0.015" errors="0" timestamp="2022-03-22T13:19:42 IST" skipped="0">
  <testcase classname="testNG_suit_study.myclass_suit" name="a" time="0.015"/>
  <system-out>
    <![CDATA[tc a is passed]]>
  </system-out>
</testsuite> <!-- testNG_suit_study.myclass_suit -->
