<?xml version="1.0" encoding="UTF-8"?>
<!-- Generated by org.testng.reporters.JUnitReportReporter -->
<testsuite hostname="LAPTOP-C2DAPTU3" failures="0" tests="2" name="testNG_STUDY.MYtest1" time="0.012" errors="0" timestamp="2022-03-18T09:21:21 IST" skipped="0">
  <testcase classname="testNG_STUDY.MYtest1" name="MyMethod2" time="0.001"/>
  <system-out/>
  <testcase classname="testNG_STUDY.MYtest1" name="MyMethod1" time="0.011"/>
  <system-out/>
</testsuite> <!-- testNG_STUDY.MYtest1 -->
