<?xml version="1.0" encoding="UTF-8"?>
<!-- Generated by org.testng.reporters.JUnitReportReporter -->
<testsuite hostname="LAPTOP-C2DAPTU3" failures="0" tests="5" name="groupingintestNG.Testgroup1" time="0.014" errors="0" timestamp="2022-03-22T13:32:06 IST" skipped="0">
  <testcase classname="groupingintestNG.Testgroup1" name="class2" time="0.001"/>
  <system-out>
    <![CDATA[running class2]]>
  </system-out>
  <testcase classname="groupingintestNG.Testgroup1" name="class5" time="0.004"/>
  <system-out>
    <![CDATA[running class5]]>
  </system-out>
  <testcase classname="groupingintestNG.Testgroup1" name="class1" time="0.007"/>
  <system-out>
    <![CDATA[running class1]]>
  </system-out>
  <testcase classname="groupingintestNG.Testgroup1" name="class3" time="0.001"/>
  <system-out>
    <![CDATA[running class3]]>
  </system-out>
  <testcase classname="groupingintestNG.Testgroup1" name="class4" time="0.001"/>
  <system-out>
    <![CDATA[running class4]]>
  </system-out>
</testsuite> <!-- groupingintestNG.Testgroup1 -->
