<?xml version="1.0" encoding="UTF-8"?>
<!-- Generated by org.testng.reporters.JUnitReportReporter -->
<testsuite hostname="LAPTOP-C2DAPTU3" failures="0" tests="2" name="testNG_annotations_study.with_annotations_study" time="0.005" errors="0" timestamp="2022-03-21T11:49:41 IST" skipped="0">
  <testcase classname="testNG_annotations_study.with_annotations_study" name="b" time="0.001"/>
  <system-out>
    <![CDATA[test case b is passed]]>
  </system-out>
  <testcase classname="testNG_annotations_study.with_annotations_study" name="a" time="0.004"/>
  <system-out>
    <![CDATA[test case a is a passed]]>
  </system-out>
</testsuite> <!-- testNG_annotations_study.with_annotations_study -->
