<?xml version="1.0" encoding="UTF-8"?>
<!-- Generated by org.testng.reporters.JUnitReportReporter -->
<testsuite hostname="LAPTOP-C2DAPTU3" failures="0" tests="7" name="testNG_annotations_study.TestNg_keywords_study" time="0.534" errors="0" timestamp="2022-03-21T12:23:59 IST" skipped="0">
  <testcase classname="testNG_annotations_study.TestNg_keywords_study" name="b" time="0.007"/>
  <system-out>
    <![CDATA[test b is passed]]>
  </system-out>
  <testcase classname="testNG_annotations_study.TestNg_keywords_study" name="a" time="0.001"/>
  <system-out>
    <![CDATA[test a is passed]]>
  </system-out>
  <testcase classname="testNG_annotations_study.TestNg_keywords_study" name="e" time="0.004"/>
  <system-out>
    <![CDATA[test e is passed]]>
  </system-out>
  <testcase classname="testNG_annotations_study.TestNg_keywords_study" name="a" time="0.002"/>
  <system-out>
    <![CDATA[test a is passed]]>
  </system-out>
  <testcase classname="testNG_annotations_study.TestNg_keywords_study" name="a" time="0.001"/>
  <system-out>
    <![CDATA[test a is passed]]>
  </system-out>
  <testcase classname="testNG_annotations_study.TestNg_keywords_study" name="c" time="0.514"/>
  <system-out>
    <![CDATA[test c id passed]]>
  </system-out>
  <testcase classname="testNG_annotations_study.TestNg_keywords_study" name="d" time="0.005"/>
  <system-out>
    <![CDATA[test d is passed]]>
  </system-out>
</testsuite> <!-- testNG_annotations_study.TestNg_keywords_study -->
