<?xml version="1.0" encoding="UTF-8"?>
<!-- Generated by org.testng.reporters.JUnitReportReporter -->
<testsuite hostname="LAPTOP-C2DAPTU3" failures="0" tests="1" name="kite1_testNG.final_TestNG" time="3.418" errors="0" timestamp="2022-03-27T14:37:04 IST" skipped="0">
  <testcase classname="kite1_testNG.final_TestNG" name="validation" time="3.418"/>
  <system-out>
    <![CDATA[validating the userid]]>
  </system-out>
</testsuite> <!-- kite1_testNG.final_TestNG -->
