<?xml version="1.0" encoding="UTF-8"?>
<!-- Generated by org.testng.reporters.JUnitReportReporter -->
<testsuite hostname="LAPTOP-C2DAPTU3" failures="0" tests="2" name="verification_usingtestNGorassert.AssetNull_study" time="0.010" errors="0" timestamp="2022-03-23T17:35:50 IST" skipped="0">
  <testcase classname="verification_usingtestNGorassert.AssetNull_study" name="test1" time="0.010"/>
  <system-out/>
  <testcase classname="verification_usingtestNGorassert.AssetNull_study" name="test2" time="0.000"/>
  <system-out/>
</testsuite> <!-- verification_usingtestNGorassert.AssetNull_study -->
