<?xml version="1.0" encoding="UTF-8"?>
<!-- Generated by org.testng.reporters.JUnitReportReporter -->
<testsuite hostname="LAPTOP-C2DAPTU3" failures="0" tests="4" name="testNG_STUDY.MyTest2" time="219.167" errors="0" timestamp="2022-03-18T14:51:52 IST" skipped="0">
  <testcase classname="testNG_STUDY.MyTest2" name="MyMethod2" time="13.585"/>
  <system-out/>
  <testcase classname="testNG_STUDY.MyTest2" name="MyMethod1" time="44.239"/>
  <system-out/>
  <testcase classname="testNG_STUDY.MyTest2" name="MyMethod3" time="155.529"/>
  <system-out/>
  <testcase classname="testNG_STUDY.MyTest2" name="MyMethod4" time="5.814"/>
  <system-out/>
</testsuite> <!-- testNG_STUDY.MyTest2 -->
