<?xml version="1.0" encoding="UTF-8"?>
<!-- Generated by org.testng.reporters.JUnitReportReporter -->
<testsuite hostname="LAPTOP-C2DAPTU3" failures="0" tests="1" name="serialNparallel.serialclass1" time="39.126" errors="0" timestamp="2022-03-23T12:46:55 IST" skipped="0">
  <testcase classname="serialNparallel.serialclass1" name="Myclass1" time="39.126"/>
  <system-out/>
</testsuite> <!-- serialNparallel.serialclass1 -->
