<?xml version="1.0" encoding="UTF-8"?>
<!-- Generated by org.testng.reporters.JUnitReportReporter -->
<testsuite hostname="LAPTOP-C2DAPTU3" failures="0" tests="3" name="crossbrowing_testNG.Crossbrowing1" time="130.656" errors="0" timestamp="2022-03-25T09:07:33 IST" skipped="0">
  <testcase classname="crossbrowing_testNG.Crossbrowing1" name="test1" time="43.068"/>
  <system-out/>
  <testcase classname="crossbrowing_testNG.Crossbrowing1" name="test1" time="49.849"/>
  <system-out/>
  <testcase classname="crossbrowing_testNG.Crossbrowing1" name="test1" time="37.739"/>
  <system-out/>
</testsuite> <!-- crossbrowing_testNG.Crossbrowing1 -->
