<?xml version="1.0" encoding="UTF-8"?>
<!-- Generated by org.testng.reporters.JUnitReportReporter -->
<testsuite hostname="LAPTOP-C2DAPTU3" failures="0" tests="2" name="testNG_STUDY.MyTest3" time="0.010" errors="0" timestamp="2022-03-18T14:40:29 IST" skipped="0">
  <testcase classname="testNG_STUDY.MyTest3" name="MyMethod2" time="0.001"/>
  <system-out>
    <![CDATA[welcome to testNG]]>
  </system-out>
  <testcase classname="testNG_STUDY.MyTest3" name="MyMethod1" time="0.009"/>
  <system-out/>
</testsuite> <!-- testNG_STUDY.MyTest3 -->
