<?xml version="1.0" encoding="UTF-8"?>
<!-- Generated by org.testng.reporters.JUnitReportReporter -->
<testsuite hostname="LAPTOP-C2DAPTU3" failures="0" tests="1" name="KitemultiplePOMclasses.FINAL_KITE_TESTNG" time="6.054" errors="0" timestamp="2022-03-31T13:11:58 IST" skipped="0">
  <testcase classname="KitemultiplePOMclasses.FINAL_KITE_TESTNG" name="validateUserName" time="6.054"/>
  <system-out>
    <![CDATA[screenshot taken for tc
TC 1 PASSED ,validate username]]>
  </system-out>
</testsuite> <!-- KitemultiplePOMclasses.FINAL_KITE_TESTNG -->
